-------------------------------------------------------------------------------
Test set: tests.SetupTest
-------------------------------------------------------------------------------
Tests run: 7, Failures: 0, Errors: 1, Skipped: 0, Time elapsed: 80.191 s <<< FAILURE! - in tests.SetupTest
testShoppingCart(tests.SetupTest)  Time elapsed: 17.283 s  <<< ERROR!
org.openqa.selenium.json.JsonException: 
java.lang.reflect.InvocationTargetException
Build info: version: '3.141.59', revision: 'e82be7d358', time: '2018-11-14T08:17:03'
System info: host: 'DESKTOP-5ETF5PP', ip: '10.0.0.101', os.name: 'Windows 10', os.arch: 'amd64', os.version: '10.0', java.version: '16.0.2'
Driver info: driver.version: RemoteWebDriver
	at tests.SetupTest.testCreateAnAccount(SetupTest.java:142)
	at tests.SetupTest.testShoppingCart(SetupTest.java:183)
Caused by: java.lang.reflect.InvocationTargetException
	at tests.SetupTest.testCreateAnAccount(SetupTest.java:142)
	at tests.SetupTest.testShoppingCart(SetupTest.java:183)
Caused by: org.openqa.selenium.NoSuchElementException: 
no such element: Unable to locate element: {"method":"css selector","selector":".clearfix .radio-inline"}
  (Session info: chrome=94.0.4606.81)
For documentation on this error, please visit: https://www.seleniumhq.org/exceptions/no_such_element.html
Build info: version: '3.141.59', revision: 'e82be7d358', time: '2018-11-14T08:17:03'
System info: host: 'DESKTOP-5ETF5PP', ip: '10.0.0.101', os.name: 'Windows 10', os.arch: 'amd64', os.version: '10.0', java.version: '16.0.2'
Driver info: org.openqa.selenium.remote.RemoteWebDriver
Capabilities {acceptInsecureCerts: false, browserName: chrome, browserVersion: 94.0.4606.81, chrome: {chromedriverVersion: 94.0.4606.61 (418b78f5838ed..., userDataDir: C:\Users\ASSUNO~1\AppData\L...}, goog:chromeOptions: {debuggerAddress: localhost:64711}, javascriptEnabled: true, networkConnectionEnabled: false, pageLoadStrategy: normal, platform: WINDOWS, platformName: WINDOWS, proxy: Proxy(), setWindowRect: true, strictFileInteractability: false, timeouts: {implicit: 0, pageLoad: 300000, script: 30000}, unhandledPromptBehavior: dismiss and notify, webauthn:extension:credBlob: true, webauthn:extension:largeBlob: true, webauthn:virtualAuthenticators: true, webdriver.remote.sessionid: 1e071b6263de7410019aef8a7ee...}
Session ID: 1e071b6263de7410019aef8a7eef238f
*** Element info: {Using=css selector, value=.clearfix .radio-inline}
	at tests.SetupTest.testCreateAnAccount(SetupTest.java:142)
	at tests.SetupTest.testShoppingCart(SetupTest.java:183)

